0 info it worked if it ends with ok
1 verbose cli [ 'C:\\Program Files (x86)\\nodejs\\node.exe',
1 verbose cli   'C:\\Program Files (x86)\\nodejs\\node_modules\\npm\\bin\\npm-cli.js',
1 verbose cli   'start' ]
2 info using npm@3.3.12
3 info using node@v5.3.0
4 verbose run-script [ 'prestart', 'start', 'poststart' ]
5 info lifecycle cosmic-fighter@0.0.0~prestart: cosmic-fighter@0.0.0
6 silly lifecycle cosmic-fighter@0.0.0~prestart: no script for prestart, continuing
7 info lifecycle cosmic-fighter@0.0.0~start: cosmic-fighter@0.0.0
8 verbose lifecycle cosmic-fighter@0.0.0~start: unsafe-perm in lifecycle true
9 verbose lifecycle cosmic-fighter@0.0.0~start: PATH: C:\Program Files (x86)\nodejs\node_modules\npm\bin\node-gyp-bin;C:\Development\WooffullGames\cosmic-fighter\node_modules\.bin;C:\Users\Wooffull\bin;C:\Program Files (x86)\Git\mingw32\bin;C:\Program Files (x86)\Git\usr\local\bin;C:\Program Files (x86)\Git\usr\bin;C:\Program Files (x86)\Git\usr\bin;C:\Program Files (x86)\Git\mingw32\bin;C:\Program Files (x86)\Git\usr\bin;C:\Users\Wooffull\bin;C:\Program Files\Java\jre1.8.0_51\bin;C:\ProgramData\Oracle\Java\javapath;C:\Program Files (x86)\HP SimplePass\x64;C:\Program Files (x86)\HP SimplePass;C:\Program Files (x86)\Intel\iCLS Client;C:\Program Files\Intel\iCLS Client;C:\WINDOWS\system32;C:\WINDOWS;C:\WINDOWS\System32\Wbem;C:\WINDOWS\System32\WindowsPowerShell\v1.0;C:\Program Files (x86)\Windows Live\Shared;C:\Program Files\Intel\Intel(R) Management Engine Components\DAL;C:\Program Files\Intel\Intel(R) Management Engine Components\IPT;C:\Program Files (x86)\Intel\Intel(R) Management Engine Components\DAL;C:\Program Files (x86)\Intel\Intel(R) Management Engine Components\IPT;C:\Program Files (x86)\Intel\OpenCL SDK\2.0\bin\x86;C:\Program Files (x86)\Intel\OpenCL SDK\2.0\bin\x64;C:\Program Files (x86)\Microsoft SQL Server\100\Tools\Binn;C:\Program Files\Microsoft SQL Server\100\Tools\Binn;C:\Program Files\Microsoft SQL Server\100\DTS\Binn;C:\Program Files\TortoiseSVN\bin;C:\Program Files\Microsoft\Web Platform Installer;C:\Program Files (x86)\Microsoft ASP.NET\ASP.NET Web Pages\v1.0;C:\Program Files\Microsoft SQL Server\110\Tools\Binn;C:\Program Files (x86)\Autodesk\Backburner;C:\Program Files\MATLAB\R2013b\runtime\win64;C:\Program Files\MATLAB\R2013b\bin;C:\HaxeToolkit\haxe;C:\HaxeToolkit\neko;C:\Program Files\TortoiseHg;C:\Program Files (x86)\QuickTime\QTSystem;C:\Program Files\Intel\WiFi\bin;C:\Program Files\Common Files\Intel\WirelessCommon;C:\Python27;C:\Development\Cocos2D-X\cocos2d-x-3.3rc0\tools\cocos2d-console\bin;C:\Development\android-sdk-windows\tools;C:\Development\apache-ant-1.9.4\bin;C:\Program Files (x86)\NVIDIA Corporation\PhysX\Common;C:\Program Files (x86)\Java\jre1.8.0_40\bin;C:\WINDOWS\system32\config\systemprofile\.dnx\bin;C:\Program Files\Microsoft DNX\Dnvm;C:\Program Files (x86)\Windows Kits\10\Windows Performance Toolkit;C:\Program Files (x86)\Skype\Phone;C:\Program Files (x86)\nodejs;C:\Program Files (x86)\Heroku\bin;C:\Program Files (x86)\git\cmd;C:\Program Files (x86)\GtkSharp\2.12\bin;C:\Development\Cocos2D-X\cocos2d-x-3.3rc0\tools\cocos2d-console\bin;C:\Program Files\Intel\WiFi\bin;C:\Program Files\Common Files\Intel\WirelessCommon;C:\Program Files\Mercurial;C:\Program Files\Java\jre1.8.0_51\bin;C:\ProgramData\Oracle\Java\javapath;C:\Program Files (x86)\HP SimplePass\x64;C:\Program Files (x86)\HP SimplePass;C:\Program Files (x86)\Intel\iCLS Client;C:\Program Files\Intel\iCLS Client;C:\WINDOWS\system32;C:\WINDOWS;C:\WINDOWS\System32\Wbem;C:\WINDOWS\System32\WindowsPowerShell\v1.0;C:\Program Files (x86)\Windows Live\Shared;C:\Program Files\Intel\Intel(R) Management Engine Components\DAL;C:\Program Files\Intel\Intel(R) Management Engine Components\IPT;C:\Program Files (x86)\Intel\Intel(R) Management Engine Components\DAL;C:\Program Files (x86)\Intel\Intel(R) Management Engine Components\IPT;C:\Program Files (x86)\Intel\OpenCL SDK\2.0\bin\x86;C:\Program Files (x86)\Intel\OpenCL SDK\2.0\bin\x64;C:\Program Files (x86)\Microsoft SQL Server\100\Tools\Binn;C:\Program Files\Microsoft SQL Server\100\Tools\Binn;C:\Program Files\Microsoft SQL Server\100\DTS\Binn;C:\Program Files\TortoiseSVN\bin;C:\Program Files\Microsoft\Web Platform Installer;C:\Program Files (x86)\Microsoft ASP.NET\ASP.NET Web Pages\v1.0;C:\Program Files\Microsoft SQL Server\110\Tools\Binn;C:\Program Files (x86)\Autodesk\Backburner;C:\Program Files\MATLAB\R2013b\runtime\win64;C:\Program Files\MATLAB\R2013b\bin;C:\HaxeToolkit\haxe;C:\HaxeToolkit\neko;C:\Program Files\TortoiseHg;C:\Program Files (x86)\QuickTime\QTSystem;C:\Program Files\Intel\WiFi\bin;C:\Program Files\Common Files\Intel\WirelessCommon;C:\Python27;C:\Development\Cocos2D-X\cocos2d-x-3.3rc0\tools\cocos2d-console\bin;C:\Development\android-sdk-windows\tools;C:\Development\apache-ant-1.9.4\bin;C:\Program Files (x86)\NVIDIA Corporation\PhysX\Common;C:\Program Files (x86)\Java\jre1.8.0_40\bin;C:\WINDOWS\system32\config\systemprofile\.dnx\bin;C:\Program Files\Microsoft DNX\Dnvm;C:\Program Files (x86)\Windows Kits\10\Windows Performance Toolkit;C:\Program Files (x86)\Skype\Phone;C:\Program Files (x86)\nodejs;C:\Program Files (x86)\Heroku\bin;C:\Program Files (x86)\git\cmd;C:\Program Files (x86)\GtkSharp\2.12\bin;C:\Development\android-sdk-windows\platform-tools;C:\Development\android-sdk-windows\tools;C:\Users\Wooffull\AppData\Local\atom\bin;C:\Users\Wooffull\AppData\Roaming\npm;C:\Program Files (x86)\Git\usr\bin\vendor_perl;C:\Program Files (x86)\Git\usr\bin\core_perl
10 verbose lifecycle cosmic-fighter@0.0.0~start: CWD: C:\Development\WooffullGames\cosmic-fighter
11 silly lifecycle cosmic-fighter@0.0.0~start: Args: [ '/d /s /c', 'node ./server/app.js' ]
12 silly lifecycle cosmic-fighter@0.0.0~start: Returned: code: 1  signal: null
13 info lifecycle cosmic-fighter@0.0.0~start: Failed to exec start script
14 verbose stack Error: cosmic-fighter@0.0.0 start: `node ./server/app.js`
14 verbose stack Exit status 1
14 verbose stack     at EventEmitter.<anonymous> (C:\Program Files (x86)\nodejs\node_modules\npm\lib\utils\lifecycle.js:232:16)
14 verbose stack     at emitTwo (events.js:87:13)
14 verbose stack     at EventEmitter.emit (events.js:172:7)
14 verbose stack     at ChildProcess.<anonymous> (C:\Program Files (x86)\nodejs\node_modules\npm\lib\utils\spawn.js:24:14)
14 verbose stack     at emitTwo (events.js:87:13)
14 verbose stack     at ChildProcess.emit (events.js:172:7)
14 verbose stack     at maybeClose (internal/child_process.js:818:16)
14 verbose stack     at Process.ChildProcess._handle.onexit (internal/child_process.js:211:5)
15 verbose pkgid cosmic-fighter@0.0.0
16 verbose cwd C:\Development\WooffullGames\cosmic-fighter
17 error Windows_NT 6.3.9600
18 error argv "C:\\Program Files (x86)\\nodejs\\node.exe" "C:\\Program Files (x86)\\nodejs\\node_modules\\npm\\bin\\npm-cli.js" "start"
19 error node v5.3.0
20 error npm  v3.3.12
21 error code ELIFECYCLE
22 error cosmic-fighter@0.0.0 start: `node ./server/app.js`
22 error Exit status 1
23 error Failed at the cosmic-fighter@0.0.0 start script 'node ./server/app.js'.
23 error Make sure you have the latest version of node.js and npm installed.
23 error If you do, this is most likely a problem with the cosmic-fighter package,
23 error not with npm itself.
23 error Tell the author that this fails on your system:
23 error     node ./server/app.js
23 error You can get their info via:
23 error     npm owner ls cosmic-fighter
23 error There is likely additional logging output above.
24 verbose exit [ 1, true ]
